
=================================================================================
2025-09-24 09:02:32.626Z: Configuration starting...
2025-09-24 09:02:32.673Z: Cloning...
2025-09-24 09:02:34.221Z: Using image: mcr.microsoft.com/devcontainers/universal

=================================================================================
2025-09-24 09:02:34.228Z: Creating container...

=================================================================================
2025-09-24 09:02:34.758Z: Running blocking commands...
2025-09-24 09:02:34.876Z: $ devcontainer up --id-label Type=codespaces --workspace-folder /var/lib/docker/codespacemount/workspace/codespaces-blank --mount type=bind,source=/.codespaces/agent/mount/cache,target=/vscode --user-data-folder /var/lib/docker/codespacemount/.persistedshare --container-data-folder .vscode-remote/data/Machine --container-system-data-folder /var/vscode-remote --log-level trace --log-format json --update-remote-user-uid-default never --mount-workspace-git-root false --omit-config-remote-env-from-metadata --skip-non-blocking-commands --expect-existing-container --override-config /root/.codespaces/shared/merged_devcontainer.json --default-user-env-probe loginInteractiveShell --container-session-data-folder /workspaces/.codespaces/.persistedshare/devcontainers-cli/cache --secrets-file /root/.codespaces/shared/user-secrets-envs.json
2025-09-24 09:02:35.082Z: @devcontainers/cli 0.80.0. Node.js v18.20.6. linux 6.8.0-1030-azure x64.
2025-09-24 09:02:35.501Z: Outcome: success User: codespace WorkspaceFolder: /workspaces/codespaces-blank
2025-09-24 09:02:35.508Z: devcontainer process exited with exit code 0

=================================================================================
2025-09-24 09:02:35.530Z: Configuring codespace...
2025-09-24 09:02:35.542Z: Running oryx...

=================================================================================
2025-09-24 09:02:43.019Z: Running commands...
2025-09-24 09:02:43.032Z: $ devcontainer up --id-label Type=codespaces --workspace-folder /var/lib/docker/codespacemount/workspace/codespaces-blank --expect-existing-container --skip-post-attach --mount type=bind,source=/.codespaces/agent/mount/cache,target=/vscode --container-data-folder .vscode-remote/data/Machine --container-system-data-folder /var/vscode-remote --log-level trace --log-format json --update-remote-user-uid-default never --mount-workspace-git-root false --override-config /root/.codespaces/shared/merged_devcontainer.json --default-user-env-probe loginInteractiveShell --container-session-data-folder /workspaces/.codespaces/.persistedshare/devcontainers-cli/cache --secrets-file /root/.codespaces/shared/user-secrets-envs.json
2025-09-24 09:02:43.179Z: @devcontainers/cli 0.80.0. Node.js v18.20.6. linux 6.8.0-1030-azure x64.
2025-09-24 09:02:43.379Z: Running the postCreateCommand from Feature 'ghcr.io/devcontainers/features/git-lfs:1'...

2025-09-24 09:02:43.384Z: /usr/local/share/pull-git-lfs-artifacts.sh
2025-09-24 09:02:43.842Z: Fetching git lfs artifacts...
2025-09-24 09:02:44.458Z: (!) Skipping automatic 'git lfs pull' because no git lfs files were detected
2025-09-24 09:02:44.470Z: Outcome: success User: codespace WorkspaceFolder: /workspaces/codespaces-blank
2025-09-24 09:02:44.474Z: devcontainer process exited with exit code 0

=================================================================================
2025-09-24 09:02:44.494Z: Finished configuring codespace.
